0 info it worked if it ends with ok
1 verbose cli [ 'node', '/usr/local/bin/npm', 'start' ]
2 info using npm@1.1.65
3 info using node@v0.8.14
4 verbose read json /Users/bat/yeticorn/yeticorn/package.json
5 verbose run-script [ 'prestart', 'start', 'poststart' ]
6 info prestart nko3-yeticorn@0.0.0-4
7 info start nko3-yeticorn@0.0.0-4
8 verbose unsafe-perm in lifecycle true
9 silly exec sh "-c" "node server.js"
10 silly sh,-c,node server.js,/Users/bat/yeticorn/yeticorn spawning
11 info nko3-yeticorn@0.0.0-4 Failed to exec start script
12 error nko3-yeticorn@0.0.0-4 start: `node server.js`
12 error `sh "-c" "node server.js"` failed with 1
13 error Failed at the nko3-yeticorn@0.0.0-4 start script.
13 error This is most likely a problem with the nko3-yeticorn package,
13 error not with npm itself.
13 error Tell the author that this fails on your system:
13 error     node server.js
13 error You can get their info via:
13 error     npm owner ls nko3-yeticorn
13 error There is likely additional logging output above.
14 error System Darwin 12.2.0
15 error command "node" "/usr/local/bin/npm" "start"
16 error cwd /Users/bat/yeticorn/yeticorn
17 error node -v v0.8.14
18 error npm -v 1.1.65
19 error code ELIFECYCLE
20 verbose exit [ 1, true ]
